cd os; make clean
make[1]: Entering directory `/tmp/chen5242/mainframer/lab2/os'
rm -rf work ../bin/os.dlx.obj ../lib/usertraps.aso ../lib/misc.o Makefile.depend ../bin/vm
make[1]: Leaving directory `/tmp/chen5242/mainframer/lab2/os'
cd apps/example; make clean
make[1]: Entering directory `/tmp/chen5242/mainframer/lab2/apps/example'
cd makeprocs; make clean
make[2]: Entering directory `/tmp/chen5242/mainframer/lab2/apps/example/makeprocs'
../../Makerules:110: Makefile.depend: No such file or directory
gcc-dlx -I../include -I../../../include -MM makeprocs.c  | sed "s/^\(.*\):/work\/\1:/" > Makefile.depend
sleep 0.1
make[2]: Leaving directory `/tmp/chen5242/mainframer/lab2/apps/example/makeprocs'
make[2]: Entering directory `/tmp/chen5242/mainframer/lab2/apps/example/makeprocs'
rm -rf work ../../../bin/makeprocs.dlx.obj Makefile.depend ../../../bin/vm
make[2]: Leaving directory `/tmp/chen5242/mainframer/lab2/apps/example/makeprocs'
cd spawn_me; make clean
make[2]: Entering directory `/tmp/chen5242/mainframer/lab2/apps/example/spawn_me'
../../Makerules:110: Makefile.depend: No such file or directory
gcc-dlx -I../include -I../../../include -MM spawn_me.c  | sed "s/^\(.*\):/work\/\1:/" > Makefile.depend
sleep 0.1
make[2]: Leaving directory `/tmp/chen5242/mainframer/lab2/apps/example/spawn_me'
make[2]: Entering directory `/tmp/chen5242/mainframer/lab2/apps/example/spawn_me'
rm -rf work ../../../bin/spawn_me.dlx.obj Makefile.depend ../../../bin/vm
make[2]: Leaving directory `/tmp/chen5242/mainframer/lab2/apps/example/spawn_me'
make[1]: Leaving directory `/tmp/chen5242/mainframer/lab2/apps/example'
cd apps/q2; make clean
make[1]: Entering directory `/tmp/chen5242/mainframer/lab2/apps/q2'
cd makeprocs; make clean
make[2]: Entering directory `/tmp/chen5242/mainframer/lab2/apps/q2/makeprocs'
../../Makerules:110: Makefile.depend: No such file or directory
gcc-dlx -I../include -I../../../include -MM makeprocs.c  | sed "s/^\(.*\):/work\/\1:/" > Makefile.depend
sleep 0.1
make[2]: Leaving directory `/tmp/chen5242/mainframer/lab2/apps/q2/makeprocs'
make[2]: Entering directory `/tmp/chen5242/mainframer/lab2/apps/q2/makeprocs'
rm -rf work ../../../bin/makeprocs.dlx.obj Makefile.depend ../../../bin/vm
make[2]: Leaving directory `/tmp/chen5242/mainframer/lab2/apps/q2/makeprocs'
cd producer; make clean
make[2]: Entering directory `/tmp/chen5242/mainframer/lab2/apps/q2/producer'
../../Makerules:110: Makefile.depend: No such file or directory
gcc-dlx -I../include -I../../../include -MM producer.c  | sed "s/^\(.*\):/work\/\1:/" > Makefile.depend
sleep 0.1
make[2]: Leaving directory `/tmp/chen5242/mainframer/lab2/apps/q2/producer'
make[2]: Entering directory `/tmp/chen5242/mainframer/lab2/apps/q2/producer'
rm -rf work ../../../bin/producer.dlx.obj Makefile.depend ../../../bin/vm
make[2]: Leaving directory `/tmp/chen5242/mainframer/lab2/apps/q2/producer'
cd consumer; make clean
make[2]: Entering directory `/tmp/chen5242/mainframer/lab2/apps/q2/consumer'
../../Makerules:110: Makefile.depend: No such file or directory
gcc-dlx -I../include -I../../../include -MM consumer.c  | sed "s/^\(.*\):/work\/\1:/" > Makefile.depend
sleep 0.1
make[2]: Leaving directory `/tmp/chen5242/mainframer/lab2/apps/q2/consumer'
make[2]: Entering directory `/tmp/chen5242/mainframer/lab2/apps/q2/consumer'
rm -rf work ../../../bin/consumer.dlx.obj Makefile.depend ../../../bin/vm
make[2]: Leaving directory `/tmp/chen5242/mainframer/lab2/apps/q2/consumer'
make[1]: Leaving directory `/tmp/chen5242/mainframer/lab2/apps/q2'
cd apps/q3; make clean
make[1]: Entering directory `/tmp/chen5242/mainframer/lab2/apps/q3'
cd makeprocs; make clean
make[2]: Entering directory `/tmp/chen5242/mainframer/lab2/apps/q3/makeprocs'
../../Makerules:110: Makefile.depend: No such file or directory
gcc-dlx -I../include -I../../../include -MM makeprocs.c  | sed "s/^\(.*\):/work\/\1:/" > Makefile.depend
sleep 0.1
make[2]: Leaving directory `/tmp/chen5242/mainframer/lab2/apps/q3/makeprocs'
make[2]: Entering directory `/tmp/chen5242/mainframer/lab2/apps/q3/makeprocs'
rm -rf work ../../../bin/makeprocs.dlx.obj Makefile.depend ../../../bin/vm
make[2]: Leaving directory `/tmp/chen5242/mainframer/lab2/apps/q3/makeprocs'
cd producer; make clean
make[2]: Entering directory `/tmp/chen5242/mainframer/lab2/apps/q3/producer'
../../Makerules:110: Makefile.depend: No such file or directory
gcc-dlx -I../include -I../../../include -MM producer.c  | sed "s/^\(.*\):/work\/\1:/" > Makefile.depend
sleep 0.1
make[2]: Leaving directory `/tmp/chen5242/mainframer/lab2/apps/q3/producer'
make[2]: Entering directory `/tmp/chen5242/mainframer/lab2/apps/q3/producer'
rm -rf work ../../../bin/producer.dlx.obj Makefile.depend ../../../bin/vm
make[2]: Leaving directory `/tmp/chen5242/mainframer/lab2/apps/q3/producer'
cd consumer; make clean
make[2]: Entering directory `/tmp/chen5242/mainframer/lab2/apps/q3/consumer'
../../Makerules:110: Makefile.depend: No such file or directory
gcc-dlx -I../include -I../../../include -MM consumer.c  | sed "s/^\(.*\):/work\/\1:/" > Makefile.depend
sleep 0.1
make[2]: Leaving directory `/tmp/chen5242/mainframer/lab2/apps/q3/consumer'
make[2]: Entering directory `/tmp/chen5242/mainframer/lab2/apps/q3/consumer'
rm -rf work ../../../bin/consumer.dlx.obj Makefile.depend ../../../bin/vm
make[2]: Leaving directory `/tmp/chen5242/mainframer/lab2/apps/q3/consumer'
make[1]: Leaving directory `/tmp/chen5242/mainframer/lab2/apps/q3'
cd apps/q4; make clean
make[1]: Entering directory `/tmp/chen5242/mainframer/lab2/apps/q4'
cd makeprocs; make clean
make[2]: Entering directory `/tmp/chen5242/mainframer/lab2/apps/q4/makeprocs'
../../Makerules:110: Makefile.depend: No such file or directory
gcc-dlx -I../include -I../../../include -MM makeprocs.c  | sed "s/^\(.*\):/work\/\1:/" > Makefile.depend
sleep 0.1
make[2]: Leaving directory `/tmp/chen5242/mainframer/lab2/apps/q4/makeprocs'
make[2]: Entering directory `/tmp/chen5242/mainframer/lab2/apps/q4/makeprocs'
rm -rf work ../../../bin/makeprocs.dlx.obj Makefile.depend ../../../bin/vm
make[2]: Leaving directory `/tmp/chen5242/mainframer/lab2/apps/q4/makeprocs'
cd producer; make clean
make[2]: Entering directory `/tmp/chen5242/mainframer/lab2/apps/q4/producer'
../../Makerules:110: Makefile.depend: No such file or directory
gcc-dlx -I../include -I../../../include -MM producer.c  | sed "s/^\(.*\):/work\/\1:/" > Makefile.depend
sleep 0.1
make[2]: Leaving directory `/tmp/chen5242/mainframer/lab2/apps/q4/producer'
make[2]: Entering directory `/tmp/chen5242/mainframer/lab2/apps/q4/producer'
rm -rf work ../../../bin/producer.dlx.obj Makefile.depend ../../../bin/vm
make[2]: Leaving directory `/tmp/chen5242/mainframer/lab2/apps/q4/producer'
cd consumer; make clean
make[2]: Entering directory `/tmp/chen5242/mainframer/lab2/apps/q4/consumer'
../../Makerules:110: Makefile.depend: No such file or directory
gcc-dlx -I../include -I../../../include -MM consumer.c  | sed "s/^\(.*\):/work\/\1:/" > Makefile.depend
sleep 0.1
make[2]: Leaving directory `/tmp/chen5242/mainframer/lab2/apps/q4/consumer'
make[2]: Entering directory `/tmp/chen5242/mainframer/lab2/apps/q4/consumer'
rm -rf work ../../../bin/consumer.dlx.obj Makefile.depend ../../../bin/vm
make[2]: Leaving directory `/tmp/chen5242/mainframer/lab2/apps/q4/consumer'
make[1]: Leaving directory `/tmp/chen5242/mainframer/lab2/apps/q4'
cd apps/q5; make clean
make[1]: Entering directory `/tmp/chen5242/mainframer/lab2/apps/q5'
cd makeprocs; make clean
make[2]: Entering directory `/tmp/chen5242/mainframer/lab2/apps/q5/makeprocs'
rm -rf work ../../../bin/makeprocs.dlx.obj Makefile.depend ../../../bin/vm
make[2]: Leaving directory `/tmp/chen5242/mainframer/lab2/apps/q5/makeprocs'
cd producer_n; make clean
make[2]: Entering directory `/tmp/chen5242/mainframer/lab2/apps/q5/producer_n'
rm -rf work ../../../bin/producer_n.dlx.obj Makefile.depend ../../../bin/vm
make[2]: Leaving directory `/tmp/chen5242/mainframer/lab2/apps/q5/producer_n'
cd producer_o; make clean
make[2]: Entering directory `/tmp/chen5242/mainframer/lab2/apps/q5/producer_o'
rm -rf work ../../../bin/producer_o.dlx.obj Makefile.depend ../../../bin/vm
make[2]: Leaving directory `/tmp/chen5242/mainframer/lab2/apps/q5/producer_o'
cd reaction_1; make clean
make[2]: Entering directory `/tmp/chen5242/mainframer/lab2/apps/q5/reaction_1'
rm -rf work ../../../bin/reaction_1.dlx.obj Makefile.depend ../../../bin/vm
make[2]: Leaving directory `/tmp/chen5242/mainframer/lab2/apps/q5/reaction_1'
cd reaction_2; make clean
make[2]: Entering directory `/tmp/chen5242/mainframer/lab2/apps/q5/reaction_2'
rm -rf work ../../../bin/reaction_2.dlx.obj Makefile.depend ../../../bin/vm
make[2]: Leaving directory `/tmp/chen5242/mainframer/lab2/apps/q5/reaction_2'
cd reaction_3; make clean
make[2]: Entering directory `/tmp/chen5242/mainframer/lab2/apps/q5/reaction_3'
rm -rf work ../../../bin/reaction_3.dlx.obj Makefile.depend ../../../bin/vm
make[2]: Leaving directory `/tmp/chen5242/mainframer/lab2/apps/q5/reaction_3'
cd reaction_4; make clean
make[2]: Entering directory `/tmp/chen5242/mainframer/lab2/apps/q5/reaction_4'
rm -rf work ../../../bin/reaction_4.dlx.obj Makefile.depend ../../../bin/vm
make[2]: Leaving directory `/tmp/chen5242/mainframer/lab2/apps/q5/reaction_4'
make[1]: Leaving directory `/tmp/chen5242/mainframer/lab2/apps/q5'
